[debug] [2024-09-02T16:35:20.947Z] ----------------------------------------------------------------------
[debug] [2024-09-02T16:35:20.949Z] Command:       /Users/mic/.nvm/versions/node/v18.18.2/bin/node /Users/mic/.nvm/versions/node/v18.18.2/bin/firebase emulators:start
[debug] [2024-09-02T16:35:20.949Z] CLI Version:   13.16.0
[debug] [2024-09-02T16:35:20.950Z] Platform:      darwin
[debug] [2024-09-02T16:35:20.950Z] Node Version:  v18.18.2
[debug] [2024-09-02T16:35:20.951Z] Time:          Tue Sep 03 2024 00:35:20 GMT+0800 (Singapore Standard Time)
[debug] [2024-09-02T16:35:20.951Z] ----------------------------------------------------------------------
[debug] 
[debug] [2024-09-02T16:35:21.088Z] > command requires scopes: ["email","openid","https://www.googleapis.com/auth/cloudplatformprojects.readonly","https://www.googleapis.com/auth/firebase","https://www.googleapis.com/auth/cloud-platform"]
[debug] [2024-09-02T16:35:21.089Z] > authorizing via signed-in user (michelpadronmorales@gmail.com)
[debug] [2024-09-02T16:35:21.167Z] openjdk version "22.0.2" 2024-07-16
OpenJDK Runtime Environment Homebrew (build 22.0.2)
OpenJDK 64-Bit Server VM Homebrew (build 22.0.2, mixed mode, sharing)

[debug] [2024-09-02T16:35:21.173Z] Parsed Java major version: 22
[info] i  emulators: Starting emulators: auth, functions, database, hosting {"metadata":{"emulator":{"name":"hub"},"message":"Starting emulators: auth, functions, database, hosting"}}
[debug] [2024-09-02T16:35:23.166Z] [logging] Logging Emulator only supports listening on one address (127.0.0.1). Not listening on ::1
[debug] [2024-09-02T16:35:23.166Z] [auth] Authentication Emulator only supports listening on one address (127.0.0.1). Not listening on ::1
[debug] [2024-09-02T16:35:23.166Z] [database] Database Emulator only supports listening on one address (127.0.0.1). Not listening on ::1
[debug] [2024-09-02T16:35:23.166Z] [hosting] Hosting Emulator only supports listening on one address (127.0.0.1). Not listening on ::1
[debug] [2024-09-02T16:35:23.166Z] assigned listening specs for emulators {"user":{"hub":[{"address":"127.0.0.1","family":"IPv4","port":4400},{"address":"::1","family":"IPv6","port":4400}],"ui":[{"address":"127.0.0.1","family":"IPv4","port":4000},{"address":"::1","family":"IPv6","port":4000}],"logging":[{"address":"127.0.0.1","family":"IPv4","port":4500}],"auth":[{"address":"127.0.0.1","family":"IPv4","port":9099}],"database":[{"address":"127.0.0.1","family":"IPv4","port":9000}],"hosting":[{"address":"127.0.0.1","family":"IPv4","port":5000}]},"metadata":{"message":"assigned listening specs for emulators"}}
[debug] [2024-09-02T16:35:23.172Z] [hub] writing locator at /var/folders/ty/07whscj939n3nvxc4z458x8c0000gn/T/hub-simple-chatbot-platform.json
[debug] [2024-09-02T16:35:24.066Z] [functions] Functions Emulator only supports listening on one address (127.0.0.1). Not listening on ::1
[debug] [2024-09-02T16:35:24.066Z] [eventarc] Eventarc Emulator only supports listening on one address (127.0.0.1). Not listening on ::1
[debug] [2024-09-02T16:35:24.066Z] [tasks] Cloud Tasks Emulator only supports listening on one address (127.0.0.1). Not listening on ::1
[debug] [2024-09-02T16:35:24.066Z] late-assigned ports for functions and eventarc emulators {"user":{"hub":[{"address":"127.0.0.1","family":"IPv4","port":4400},{"address":"::1","family":"IPv6","port":4400}],"ui":[{"address":"127.0.0.1","family":"IPv4","port":4000},{"address":"::1","family":"IPv6","port":4000}],"logging":[{"address":"127.0.0.1","family":"IPv4","port":4500}],"auth":[{"address":"127.0.0.1","family":"IPv4","port":9099}],"database":[{"address":"127.0.0.1","family":"IPv4","port":9000}],"hosting":[{"address":"127.0.0.1","family":"IPv4","port":5000}],"functions":[{"address":"127.0.0.1","family":"IPv4","port":5001}],"eventarc":[{"address":"127.0.0.1","family":"IPv4","port":9299}],"tasks":[{"address":"127.0.0.1","family":"IPv4","port":9499}]},"metadata":{"message":"late-assigned ports for functions and eventarc emulators"}}
[warn] ⚠  functions: The following emulators are not running, calls to these services from the Functions emulator will affect production: firestore, pubsub, storage, dataconnect {"metadata":{"emulator":{"name":"functions"},"message":"The following emulators are not running, calls to these services from the Functions emulator will affect production: \u001b[1mfirestore, pubsub, storage, dataconnect\u001b[22m"}}
[debug] [2024-09-02T16:35:24.070Z] defaultcredentials: writing to file /Users/mic/.config/firebase/michelpadronmorales_gmail_com_application_default_credentials.json
[debug] [2024-09-02T16:35:24.072Z] Setting GAC to /Users/mic/.config/firebase/michelpadronmorales_gmail_com_application_default_credentials.json {"metadata":{"emulator":{"name":"functions"},"message":"Setting GAC to /Users/mic/.config/firebase/michelpadronmorales_gmail_com_application_default_credentials.json"}}
[debug] [2024-09-02T16:35:24.074Z] >>> [apiv2][query] GET https://firebase.googleapis.com/v1beta1/projects/simple-chatbot-platform/adminSdkConfig [none]
[debug] [2024-09-02T16:35:24.733Z] <<< [apiv2][status] GET https://firebase.googleapis.com/v1beta1/projects/simple-chatbot-platform/adminSdkConfig 200
[debug] [2024-09-02T16:35:24.734Z] <<< [apiv2][body] GET https://firebase.googleapis.com/v1beta1/projects/simple-chatbot-platform/adminSdkConfig {"projectId":"simple-chatbot-platform","databaseURL":"https://simple-chatbot-platform-default-rtdb.firebaseio.com","storageBucket":"simple-chatbot-platform.appspot.com"}
[debug] [2024-09-02T16:35:24.767Z] >>> [apiv2][query] GET https://firebase.googleapis.com/v1beta1/projects/simple-chatbot-platform [none]
[debug] [2024-09-02T16:35:25.249Z] <<< [apiv2][status] GET https://firebase.googleapis.com/v1beta1/projects/simple-chatbot-platform 200
[debug] [2024-09-02T16:35:25.250Z] <<< [apiv2][body] GET https://firebase.googleapis.com/v1beta1/projects/simple-chatbot-platform {"projectId":"simple-chatbot-platform","projectNumber":"101441943136","displayName":"simple-chatbot-platform","name":"projects/simple-chatbot-platform","resources":{"hostingSite":"simple-chatbot-platform","realtimeDatabaseInstance":"simple-chatbot-platform-default-rtdb"},"state":"ACTIVE","etag":"1_aec4e4ef-5f36-4b18-a314-766fb1c1ecdf"}
[debug] [2024-09-02T16:35:25.250Z] database rules config:  [{"instance":"simple-chatbot-platform-default-rtdb","rules":"/Users/mic/Documents/Repositories/simple-chatbot-platform/database.rules.json"}]
[debug] [2024-09-02T16:35:25.258Z] Ignoring unsupported arg: projectId {"metadata":{"emulator":{"name":"database"},"message":"Ignoring unsupported arg: projectId"}}
[debug] [2024-09-02T16:35:25.258Z] Ignoring unsupported arg: auto_download {"metadata":{"emulator":{"name":"database"},"message":"Ignoring unsupported arg: auto_download"}}
[debug] [2024-09-02T16:35:25.259Z] Ignoring unsupported arg: rules {"metadata":{"emulator":{"name":"database"},"message":"Ignoring unsupported arg: rules"}}
[debug] [2024-09-02T16:35:25.259Z] Starting Database Emulator with command {"binary":"java","args":["-Duser.language=en","-jar","/Users/mic/.cache/firebase/emulators/firebase-database-emulator-v4.11.2.jar","--host","127.0.0.1","--port",9000,"--single_project_mode","Warning","--functions_emulator_host","127.0.0.1","--functions_emulator_port",5001],"optionalArgs":["port","host","functions_emulator_port","functions_emulator_host","single_project_mode"],"joinArgs":false,"shell":false} {"metadata":{"emulator":{"name":"database"},"message":"Starting Database Emulator with command {\"binary\":\"java\",\"args\":[\"-Duser.language=en\",\"-jar\",\"/Users/mic/.cache/firebase/emulators/firebase-database-emulator-v4.11.2.jar\",\"--host\",\"127.0.0.1\",\"--port\",9000,\"--single_project_mode\",\"Warning\",\"--functions_emulator_host\",\"127.0.0.1\",\"--functions_emulator_port\",5001],\"optionalArgs\":[\"port\",\"host\",\"functions_emulator_port\",\"functions_emulator_host\",\"single_project_mode\"],\"joinArgs\":false,\"shell\":false}"}}
[info] i  database: Database Emulator logging to database-debug.log {"metadata":{"emulator":{"name":"database"},"message":"Database Emulator logging to \u001b[1mdatabase-debug.log\u001b[22m"}}
[debug] [2024-09-02T16:35:26.782Z] 00:35:26.781 [NamespaceSystem-akka.actor.default-dispatcher-5] INFO akka.event.slf4j.Slf4jLogger - Slf4jLogger started
 {"metadata":{"emulator":{"name":"database"},"message":"00:35:26.781 [NamespaceSystem-akka.actor.default-dispatcher-5] INFO akka.event.slf4j.Slf4jLogger - Slf4jLogger started\n"}}
[debug] [2024-09-02T16:35:26.990Z] 00:35:26.988 [main] INFO com.firebase.server.forge.App$ - Listening at 127.0.0.1:9000
 {"metadata":{"emulator":{"name":"database"},"message":"00:35:26.988 [main] INFO com.firebase.server.forge.App$ - Listening at 127.0.0.1:9000\n"}}
[debug] [2024-09-02T16:35:34.661Z] >>> [apiv2][query] GET https://firebasehosting.googleapis.com/v1beta1/projects/simple-chatbot-platform/sites 
[debug] [2024-09-02T16:35:35.480Z] <<< [apiv2][status] GET https://firebasehosting.googleapis.com/v1beta1/projects/simple-chatbot-platform/sites 200
[debug] [2024-09-02T16:35:35.481Z] <<< [apiv2][body] GET https://firebasehosting.googleapis.com/v1beta1/projects/simple-chatbot-platform/sites {"sites":[{"name":"projects/simple-chatbot-platform/sites/simple-chatbot-platform","defaultUrl":"https://simple-chatbot-platform.web.app","type":"DEFAULT_SITE"}]}
[debug] [2024-09-02T16:35:35.482Z] >>> [apiv2][query] GET https://firebase.googleapis.com/v1beta1/projects/simple-chatbot-platform/webApps/-/config [none]
[debug] [2024-09-02T16:35:37.016Z] <<< [apiv2][status] GET https://firebase.googleapis.com/v1beta1/projects/simple-chatbot-platform/webApps/-/config 200
[debug] [2024-09-02T16:35:37.016Z] <<< [apiv2][body] GET https://firebase.googleapis.com/v1beta1/projects/simple-chatbot-platform/webApps/-/config {"projectId":"simple-chatbot-platform","databaseURL":"https://simple-chatbot-platform-default-rtdb.firebaseio.com","storageBucket":"simple-chatbot-platform.appspot.com","apiKey":"AIzaSyAUyfiRFm-6HcKXuvSfi_YwtnACfZNxCgA","authDomain":"simple-chatbot-platform.firebaseapp.com","messagingSenderId":"101441943136"}
[debug] [2024-09-02T16:35:37.027Z] >>> [apiv2][query] GET https://firebase.googleapis.com/v1beta1/projects/simple-chatbot-platform [none]
[debug] [2024-09-02T16:35:37.636Z] <<< [apiv2][status] GET https://firebase.googleapis.com/v1beta1/projects/simple-chatbot-platform 200
[debug] [2024-09-02T16:35:37.636Z] <<< [apiv2][body] GET https://firebase.googleapis.com/v1beta1/projects/simple-chatbot-platform {"projectId":"simple-chatbot-platform","projectNumber":"101441943136","displayName":"simple-chatbot-platform","name":"projects/simple-chatbot-platform","resources":{"hostingSite":"simple-chatbot-platform","realtimeDatabaseInstance":"simple-chatbot-platform-default-rtdb"},"state":"ACTIVE","etag":"1_aec4e4ef-5f36-4b18-a314-766fb1c1ecdf"}
[info] i  hosting[simple-chatbot-platform]: Serving hosting files from: public {"metadata":{"emulator":{"name":"hosting"},"message":"Serving hosting files from: \u001b[1mpublic\u001b[22m"}}
[info] ✔  hosting[simple-chatbot-platform]: Local server: http://127.0.0.1:5000 {"metadata":{"emulator":{"name":"hosting"},"message":"Local server: \u001b[4m\u001b[1mhttp://127.0.0.1:5000\u001b[22m\u001b[24m"}}
[debug] [2024-09-02T16:35:37.820Z] Ignoring unsupported arg: auto_download {"metadata":{"emulator":{"name":"ui"},"message":"Ignoring unsupported arg: auto_download"}}
[debug] [2024-09-02T16:35:37.827Z] Ignoring unsupported arg: port {"metadata":{"emulator":{"name":"ui"},"message":"Ignoring unsupported arg: port"}}
[debug] [2024-09-02T16:35:37.828Z] Starting Emulator UI with command {"binary":"node","args":["/Users/mic/.cache/firebase/emulators/ui-v1.13.0/server/server.mjs"],"optionalArgs":[],"joinArgs":false,"shell":false} {"metadata":{"emulator":{"name":"ui"},"message":"Starting Emulator UI with command {\"binary\":\"node\",\"args\":[\"/Users/mic/.cache/firebase/emulators/ui-v1.13.0/server/server.mjs\"],\"optionalArgs\":[],\"joinArgs\":false,\"shell\":false}"}}
[info] i  ui: Emulator UI logging to ui-debug.log {"metadata":{"emulator":{"name":"ui"},"message":"Emulator UI logging to \u001b[1mui-debug.log\u001b[22m"}}
[debug] [2024-09-02T16:35:38.037Z] Web / API server started at 127.0.0.1:4000
 {"metadata":{"emulator":{"name":"ui"},"message":"Web / API server started at 127.0.0.1:4000\n"}}
[debug] [2024-09-02T16:35:38.038Z] Web / API server started at ::1:4000
 {"metadata":{"emulator":{"name":"ui"},"message":"Web / API server started at ::1:4000\n"}}
[info] i  functions: Watching "/Users/mic/Documents/Repositories/simple-chatbot-platform/functions" for Cloud Functions... {"metadata":{"emulator":{"name":"functions"},"message":"Watching \"/Users/mic/Documents/Repositories/simple-chatbot-platform/functions\" for Cloud Functions..."}}
[debug] [2024-09-02T16:35:38.249Z] Validating nodejs source
[debug] [2024-09-02T16:35:39.533Z] > [functions] package.json contents: {
  "name": "functions",
  "scripts": {
    "lint": "eslint --ext .js,.ts .",
    "build": "tsc",
    "build:watch": "tsc --watch",
    "serve": "npm run build && firebase emulators:start --only functions",
    "shell": "npm run build && firebase functions:shell",
    "start": "npm run shell",
    "deploy": "firebase deploy --only functions",
    "logs": "firebase functions:log"
  },
  "engines": {
    "node": "18"
  },
  "main": "lib/index.js",
  "dependencies": {
    "cors": "^2.8.5",
    "firebase-admin": "^12.1.0",
    "firebase-functions": "^5.0.0"
  },
  "devDependencies": {
    "@typescript-eslint/eslint-plugin": "^5.12.0",
    "@typescript-eslint/parser": "^5.12.0",
    "eslint": "^8.9.0",
    "eslint-config-google": "^0.14.0",
    "eslint-plugin-import": "^2.25.4",
    "firebase-functions-test": "^3.1.0",
    "typescript": "^4.9.0"
  },
  "private": true
}
[debug] [2024-09-02T16:35:39.533Z] Building nodejs source
[debug] [2024-09-02T16:35:39.534Z] Failed to find version of module node: reached end of search path /Users/mic/Documents/Repositories/simple-chatbot-platform/functions/node_modules
[info] ✔  functions: Using node@18 from host. 
[debug] [2024-09-02T16:35:39.536Z] Could not find functions.yaml. Must use http discovery
[debug] [2024-09-02T16:35:39.543Z] Found firebase-functions binary at '/Users/mic/Documents/Repositories/simple-chatbot-platform/functions/node_modules/.bin/firebase-functions'
[info] Serving at port 8535

[debug] [2024-09-02T16:35:40.245Z] Got response from /__/functions.yaml {"endpoints":{"setCustomClaims":{"platform":"gcfv1","labels":{},"availableMemoryMb":null,"timeoutSeconds":null,"minInstances":null,"maxInstances":null,"ingressSettings":null,"serviceAccountEmail":null,"vpc":null,"callableTrigger":{},"entryPoint":"setCustomClaims"}},"specVersion":"v1alpha1","requiredAPIs":[],"extensions":{}}
[info] ✔  functions: Loaded functions definitions from source: setCustomClaims. {"metadata":{"emulator":{"name":"functions"},"message":"Loaded functions definitions from source: setCustomClaims."}}
[info] ✔  functions[us-central1-setCustomClaims]: http function initialized (http://127.0.0.1:5001/simple-chatbot-platform/us-central1/setCustomClaims). {"metadata":{"emulator":{"name":"functions"},"message":"\u001b[1mhttp\u001b[22m function initialized (http://127.0.0.1:5001/simple-chatbot-platform/us-central1/setCustomClaims)."}}
[debug] [2024-09-02T16:35:40.269Z] >>> [apiv2][query] PUT http://127.0.0.1:9000/.settings/rules.json ns=simple-chatbot-platform-default-rtdb
[debug] [2024-09-02T16:35:40.269Z] >>> [apiv2][body] PUT http://127.0.0.1:9000/.settings/rules.json "{\n  \"rules\": {\n    \".read\": \"auth != null\",\n    \".write\": \"auth != null\",\n    \"threads\": {\n      \"$threadId\": {\n        \".read\": \"auth != null && (data.child('userId').val() === auth.uid || data.child('adminId').val() === auth.uid)\",\n        \".write\": \"auth != null && (data.child('userId').val() === auth.uid || data.child('adminId').val() === auth.uid)\"\n      }\n    },\n    \"chatbots\": {\n      \"$chatbotId\": {\n        \".read\": \"auth != null\",\n        \".write\": \"auth != null && auth.token.role === 'admin'\"\n      }\n    },\n    \"users\": {\n      \"$userId\": {\n        \".read\": \"auth != null && auth.uid === $userId\",\n        \".write\": \"auth != null && auth.uid === $userId\"\n      }\n    }\n  }\n}\n"
[debug] [2024-09-02T16:35:40.574Z] 00:35:40.574 [NamespaceSystem-akka.actor.default-dispatcher-5] INFO com.firebase.core.namespace.NamespaceActor - simple-chatbot-platform-default-rtdb successfully activated FBKV (SurveyIdle(0)) wait: 134ms, init: 0ms
 {"metadata":{"emulator":{"name":"database"},"message":"00:35:40.574 [NamespaceSystem-akka.actor.default-dispatcher-5] INFO com.firebase.core.namespace.NamespaceActor - simple-chatbot-platform-default-rtdb successfully activated FBKV (SurveyIdle(0)) wait: 134ms, init: 0ms\n"}}
[debug] [2024-09-02T16:35:40.665Z] 00:35:40.664 [NamespaceSystem-blocking-namespace-operation-dispatcher-7] INFO com.firebase.core.namespace.StateManager - Namespace simple-chatbot-platform-default-rtdb status Active to Active
 {"metadata":{"emulator":{"name":"database"},"message":"00:35:40.664 [NamespaceSystem-blocking-namespace-operation-dispatcher-7] INFO com.firebase.core.namespace.StateManager - Namespace simple-chatbot-platform-default-rtdb status Active to Active\n"}}
[debug] [2024-09-02T16:35:40.719Z] <<< [apiv2][status] PUT http://127.0.0.1:9000/.settings/rules.json 200
[debug] [2024-09-02T16:35:40.719Z] <<< [apiv2][body] PUT http://127.0.0.1:9000/.settings/rules.json {"status":"ok"}
[info] 
┌─────────────────────────────────────────────────────────────┐
│ ✔  All emulators ready! It is now safe to connect your app. │
│ i  View Emulator UI at http://127.0.0.1:4000/               │
└─────────────────────────────────────────────────────────────┘

┌────────────────┬────────────────┬─────────────────────────────────┐
│ Emulator       │ Host:Port      │ View in Emulator UI             │
├────────────────┼────────────────┼─────────────────────────────────┤
│ Authentication │ 127.0.0.1:9099 │ http://127.0.0.1:4000/auth      │
├────────────────┼────────────────┼─────────────────────────────────┤
│ Functions      │ 127.0.0.1:5001 │ http://127.0.0.1:4000/functions │
├────────────────┼────────────────┼─────────────────────────────────┤
│ Database       │ 127.0.0.1:9000 │ http://127.0.0.1:4000/database  │
├────────────────┼────────────────┼─────────────────────────────────┤
│ Hosting        │ 127.0.0.1:5000 │ n/a                             │
└────────────────┴────────────────┴─────────────────────────────────┘
  Emulator Hub running at 127.0.0.1:4400
  Other reserved ports: 4500

Issues? Report them at https://github.com/firebase/firebase-tools/issues and attach the *-debug.log files.
 
[debug] [2024-09-02T16:36:44.560Z] >>> [apiv2][query] POST http://127.0.0.1:5001/functions/projects/simple-chatbot-platform/trigger_multicast [none]
[debug] [2024-09-02T16:36:44.561Z] >>> [apiv2][body] POST http://127.0.0.1:5001/functions/projects/simple-chatbot-platform/trigger_multicast {"eventId":"095b5dad-53fc-4ab4-93a1-4fc045c55b43","eventType":"providers/firebase.auth/eventTypes/user.create","resource":{"name":"projects/simple-chatbot-platform","service":"firebaseauth.googleapis.com"},"params":{},"timestamp":"2024-09-02T16:36:44.560Z","data":{"uid":"3shPcInvbdD420qTQNmk77nJaFaC","email":"michel@padmora.com","emailVerified":false,"metadata":{"creationTime":"2024-09-02T16:36:44.559Z","lastSignInTime":"2024-09-02T16:36:44.559Z"},"customClaims":{},"providerData":[{"providerId":"password","email":"michel@padmora.com","federatedId":"michel@padmora.com","rawId":"michel@padmora.com"}]}}
[debug] [2024-09-02T16:36:44.572Z] <<< [apiv2][status] POST http://127.0.0.1:5001/functions/projects/simple-chatbot-platform/trigger_multicast 200
[debug] [2024-09-02T16:36:44.572Z] <<< [apiv2][body] POST http://127.0.0.1:5001/functions/projects/simple-chatbot-platform/trigger_multicast {"status":"multicast_acknowledged"}
[debug] [2024-09-02T16:36:44.595Z] Functions emulator received unknown request at path /fake-project-id/us-central1/setCustomClaims
[debug] [2024-09-02T16:38:13.631Z] File /Users/mic/Documents/Repositories/simple-chatbot-platform/functions/src/index.ts changed, reloading triggers {"metadata":{"emulator":{"name":"functions"},"message":"File /Users/mic/Documents/Repositories/simple-chatbot-platform/functions/src/index.ts changed, reloading triggers"}}
[debug] [2024-09-02T16:38:14.633Z] Validating nodejs source
[debug] [2024-09-02T16:38:15.850Z] > [functions] package.json contents: {
  "name": "functions",
  "scripts": {
    "lint": "eslint --ext .js,.ts .",
    "build": "tsc",
    "build:watch": "tsc --watch",
    "serve": "npm run build && firebase emulators:start --only functions",
    "shell": "npm run build && firebase functions:shell",
    "start": "npm run shell",
    "deploy": "firebase deploy --only functions",
    "logs": "firebase functions:log"
  },
  "engines": {
    "node": "18"
  },
  "main": "lib/index.js",
  "dependencies": {
    "cors": "^2.8.5",
    "firebase-admin": "^12.1.0",
    "firebase-functions": "^5.0.0"
  },
  "devDependencies": {
    "@typescript-eslint/eslint-plugin": "^5.12.0",
    "@typescript-eslint/parser": "^5.12.0",
    "eslint": "^8.9.0",
    "eslint-config-google": "^0.14.0",
    "eslint-plugin-import": "^2.25.4",
    "firebase-functions-test": "^3.1.0",
    "typescript": "^4.9.0"
  },
  "private": true
}
[debug] [2024-09-02T16:38:15.850Z] Building nodejs source
[debug] [2024-09-02T16:38:15.851Z] Failed to find version of module node: reached end of search path /Users/mic/Documents/Repositories/simple-chatbot-platform/functions/node_modules
[info] ✔  functions: Using node@18 from host. 
[debug] [2024-09-02T16:38:15.852Z] Could not find functions.yaml. Must use http discovery
[debug] [2024-09-02T16:38:15.853Z] Found firebase-functions binary at '/Users/mic/Documents/Repositories/simple-chatbot-platform/functions/node_modules/.bin/firebase-functions'
[info] Serving at port 8573

[debug] [2024-09-02T16:38:16.854Z] Got response from /__/functions.yaml {"endpoints":{"setCustomClaims":{"platform":"gcfv1","labels":{},"availableMemoryMb":null,"timeoutSeconds":null,"minInstances":null,"maxInstances":null,"ingressSettings":null,"serviceAccountEmail":null,"vpc":null,"callableTrigger":{},"entryPoint":"setCustomClaims"}},"specVersion":"v1alpha1","requiredAPIs":[],"extensions":{}}
[info] ✔  functions: Loaded functions definitions from source: setCustomClaims. {"metadata":{"emulator":{"name":"functions"},"message":"Loaded functions definitions from source: setCustomClaims."}}
[debug] [2024-09-02T16:38:26.599Z] File /Users/mic/Documents/Repositories/simple-chatbot-platform/functions/src/index.ts changed, reloading triggers {"metadata":{"emulator":{"name":"functions"},"message":"File /Users/mic/Documents/Repositories/simple-chatbot-platform/functions/src/index.ts changed, reloading triggers"}}
[debug] [2024-09-02T16:38:27.601Z] Validating nodejs source
[debug] [2024-09-02T16:38:28.682Z] > [functions] package.json contents: {
  "name": "functions",
  "scripts": {
    "lint": "eslint --ext .js,.ts .",
    "build": "tsc",
    "build:watch": "tsc --watch",
    "serve": "npm run build && firebase emulators:start --only functions",
    "shell": "npm run build && firebase functions:shell",
    "start": "npm run shell",
    "deploy": "firebase deploy --only functions",
    "logs": "firebase functions:log"
  },
  "engines": {
    "node": "18"
  },
  "main": "lib/index.js",
  "dependencies": {
    "cors": "^2.8.5",
    "firebase-admin": "^12.1.0",
    "firebase-functions": "^5.0.0"
  },
  "devDependencies": {
    "@typescript-eslint/eslint-plugin": "^5.12.0",
    "@typescript-eslint/parser": "^5.12.0",
    "eslint": "^8.9.0",
    "eslint-config-google": "^0.14.0",
    "eslint-plugin-import": "^2.25.4",
    "firebase-functions-test": "^3.1.0",
    "typescript": "^4.9.0"
  },
  "private": true
}
[debug] [2024-09-02T16:38:28.682Z] Building nodejs source
[debug] [2024-09-02T16:38:28.682Z] Failed to find version of module node: reached end of search path /Users/mic/Documents/Repositories/simple-chatbot-platform/functions/node_modules
[info] ✔  functions: Using node@18 from host. 
[debug] [2024-09-02T16:38:28.684Z] Could not find functions.yaml. Must use http discovery
[debug] [2024-09-02T16:38:28.685Z] Found firebase-functions binary at '/Users/mic/Documents/Repositories/simple-chatbot-platform/functions/node_modules/.bin/firebase-functions'
[info] Serving at port 8705

[debug] [2024-09-02T16:38:29.391Z] Got response from /__/functions.yaml {"endpoints":{"setCustomClaims":{"platform":"gcfv1","labels":{},"availableMemoryMb":null,"timeoutSeconds":null,"minInstances":null,"maxInstances":null,"ingressSettings":null,"serviceAccountEmail":null,"vpc":null,"callableTrigger":{},"entryPoint":"setCustomClaims"}},"specVersion":"v1alpha1","requiredAPIs":[],"extensions":{}}
[info] ✔  functions: Loaded functions definitions from source: setCustomClaims. {"metadata":{"emulator":{"name":"functions"},"message":"Loaded functions definitions from source: setCustomClaims."}}
[debug] [2024-09-02T16:38:50.223Z] File /Users/mic/Documents/Repositories/simple-chatbot-platform/functions/src/index.ts changed, reloading triggers {"metadata":{"emulator":{"name":"functions"},"message":"File /Users/mic/Documents/Repositories/simple-chatbot-platform/functions/src/index.ts changed, reloading triggers"}}
[debug] [2024-09-02T16:38:51.226Z] Validating nodejs source
[debug] [2024-09-02T16:38:52.035Z] > [functions] package.json contents: {
  "name": "functions",
  "scripts": {
    "lint": "eslint --ext .js,.ts .",
    "build": "tsc",
    "build:watch": "tsc --watch",
    "serve": "npm run build && firebase emulators:start --only functions",
    "shell": "npm run build && firebase functions:shell",
    "start": "npm run shell",
    "deploy": "firebase deploy --only functions",
    "logs": "firebase functions:log"
  },
  "engines": {
    "node": "18"
  },
  "main": "lib/index.js",
  "dependencies": {
    "cors": "^2.8.5",
    "firebase-admin": "^12.1.0",
    "firebase-functions": "^5.0.0"
  },
  "devDependencies": {
    "@typescript-eslint/eslint-plugin": "^5.12.0",
    "@typescript-eslint/parser": "^5.12.0",
    "eslint": "^8.9.0",
    "eslint-config-google": "^0.14.0",
    "eslint-plugin-import": "^2.25.4",
    "firebase-functions-test": "^3.1.0",
    "typescript": "^4.9.0"
  },
  "private": true
}
[debug] [2024-09-02T16:38:52.035Z] Building nodejs source
[debug] [2024-09-02T16:38:52.035Z] Failed to find version of module node: reached end of search path /Users/mic/Documents/Repositories/simple-chatbot-platform/functions/node_modules
[info] ✔  functions: Using node@18 from host. 
[debug] [2024-09-02T16:38:52.036Z] Could not find functions.yaml. Must use http discovery
[debug] [2024-09-02T16:38:52.037Z] Found firebase-functions binary at '/Users/mic/Documents/Repositories/simple-chatbot-platform/functions/node_modules/.bin/firebase-functions'
[info] Serving at port 8757

[debug] [2024-09-02T16:38:52.559Z] Got response from /__/functions.yaml {"endpoints":{"setCustomClaims":{"platform":"gcfv1","labels":{},"availableMemoryMb":null,"timeoutSeconds":null,"minInstances":null,"maxInstances":null,"ingressSettings":null,"serviceAccountEmail":null,"vpc":null,"callableTrigger":{},"entryPoint":"setCustomClaims"}},"specVersion":"v1alpha1","requiredAPIs":[],"extensions":{}}
[info] ✔  functions: Loaded functions definitions from source: setCustomClaims. {"metadata":{"emulator":{"name":"functions"},"message":"Loaded functions definitions from source: setCustomClaims."}}
[debug] [2024-09-02T16:39:18.427Z] File /Users/mic/Documents/Repositories/simple-chatbot-platform/functions/src/index.ts changed, reloading triggers {"metadata":{"emulator":{"name":"functions"},"message":"File /Users/mic/Documents/Repositories/simple-chatbot-platform/functions/src/index.ts changed, reloading triggers"}}
[debug] [2024-09-02T16:39:19.429Z] Validating nodejs source
[debug] [2024-09-02T16:39:20.200Z] > [functions] package.json contents: {
  "name": "functions",
  "scripts": {
    "lint": "eslint --ext .js,.ts .",
    "build": "tsc",
    "build:watch": "tsc --watch",
    "serve": "npm run build && firebase emulators:start --only functions",
    "shell": "npm run build && firebase functions:shell",
    "start": "npm run shell",
    "deploy": "firebase deploy --only functions",
    "logs": "firebase functions:log"
  },
  "engines": {
    "node": "18"
  },
  "main": "lib/index.js",
  "dependencies": {
    "cors": "^2.8.5",
    "firebase-admin": "^12.1.0",
    "firebase-functions": "^5.0.0"
  },
  "devDependencies": {
    "@typescript-eslint/eslint-plugin": "^5.12.0",
    "@typescript-eslint/parser": "^5.12.0",
    "eslint": "^8.9.0",
    "eslint-config-google": "^0.14.0",
    "eslint-plugin-import": "^2.25.4",
    "firebase-functions-test": "^3.1.0",
    "typescript": "^4.9.0"
  },
  "private": true
}
[debug] [2024-09-02T16:39:20.200Z] Building nodejs source
[debug] [2024-09-02T16:39:20.200Z] Failed to find version of module node: reached end of search path /Users/mic/Documents/Repositories/simple-chatbot-platform/functions/node_modules
[info] ✔  functions: Using node@18 from host. 
[debug] [2024-09-02T16:39:20.204Z] Could not find functions.yaml. Must use http discovery
[debug] [2024-09-02T16:39:20.209Z] Found firebase-functions binary at '/Users/mic/Documents/Repositories/simple-chatbot-platform/functions/node_modules/.bin/firebase-functions'
[info] Serving at port 8059

[debug] [2024-09-02T16:39:20.798Z] Got response from /__/functions.yaml {"endpoints":{"setCustomClaims":{"platform":"gcfv1","labels":{},"availableMemoryMb":null,"timeoutSeconds":null,"minInstances":null,"maxInstances":null,"ingressSettings":null,"serviceAccountEmail":null,"vpc":null,"callableTrigger":{},"entryPoint":"setCustomClaims"}},"specVersion":"v1alpha1","requiredAPIs":[],"extensions":{}}
[info] ✔  functions: Loaded functions definitions from source: setCustomClaims. {"metadata":{"emulator":{"name":"functions"},"message":"Loaded functions definitions from source: setCustomClaims."}}
[debug] [2024-09-02T16:40:08.405Z] File /Users/mic/Documents/Repositories/simple-chatbot-platform/functions/src/index.ts changed, reloading triggers {"metadata":{"emulator":{"name":"functions"},"message":"File /Users/mic/Documents/Repositories/simple-chatbot-platform/functions/src/index.ts changed, reloading triggers"}}
[debug] [2024-09-02T16:40:09.407Z] Validating nodejs source
[debug] [2024-09-02T16:40:10.253Z] > [functions] package.json contents: {
  "name": "functions",
  "scripts": {
    "lint": "eslint --ext .js,.ts .",
    "build": "tsc",
    "build:watch": "tsc --watch",
    "serve": "npm run build && firebase emulators:start --only functions",
    "shell": "npm run build && firebase functions:shell",
    "start": "npm run shell",
    "deploy": "firebase deploy --only functions",
    "logs": "firebase functions:log"
  },
  "engines": {
    "node": "18"
  },
  "main": "lib/index.js",
  "dependencies": {
    "cors": "^2.8.5",
    "firebase-admin": "^12.1.0",
    "firebase-functions": "^5.0.0"
  },
  "devDependencies": {
    "@typescript-eslint/eslint-plugin": "^5.12.0",
    "@typescript-eslint/parser": "^5.12.0",
    "eslint": "^8.9.0",
    "eslint-config-google": "^0.14.0",
    "eslint-plugin-import": "^2.25.4",
    "firebase-functions-test": "^3.1.0",
    "typescript": "^4.9.0"
  },
  "private": true
}
[debug] [2024-09-02T16:40:10.253Z] Building nodejs source
[debug] [2024-09-02T16:40:10.253Z] Failed to find version of module node: reached end of search path /Users/mic/Documents/Repositories/simple-chatbot-platform/functions/node_modules
[info] ✔  functions: Using node@18 from host. 
[debug] [2024-09-02T16:40:10.255Z] Could not find functions.yaml. Must use http discovery
[debug] [2024-09-02T16:40:10.256Z] Found firebase-functions binary at '/Users/mic/Documents/Repositories/simple-chatbot-platform/functions/node_modules/.bin/firebase-functions'
[info] Serving at port 8235

[debug] [2024-09-02T16:40:10.710Z] Got response from /__/functions.yaml {"endpoints":{"setCustomClaims":{"platform":"gcfv1","labels":{},"availableMemoryMb":null,"timeoutSeconds":null,"minInstances":null,"maxInstances":null,"ingressSettings":null,"serviceAccountEmail":null,"vpc":null,"callableTrigger":{},"entryPoint":"setCustomClaims"}},"specVersion":"v1alpha1","requiredAPIs":[],"extensions":{}}
[info] ✔  functions: Loaded functions definitions from source: setCustomClaims. {"metadata":{"emulator":{"name":"functions"},"message":"Loaded functions definitions from source: setCustomClaims."}}
[debug] [2024-09-02T16:40:19.963Z] File /Users/mic/Documents/Repositories/simple-chatbot-platform/functions/src/index.ts changed, reloading triggers {"metadata":{"emulator":{"name":"functions"},"message":"File /Users/mic/Documents/Repositories/simple-chatbot-platform/functions/src/index.ts changed, reloading triggers"}}
[debug] [2024-09-02T16:40:20.965Z] Validating nodejs source
[debug] [2024-09-02T16:40:21.811Z] > [functions] package.json contents: {
  "name": "functions",
  "scripts": {
    "lint": "eslint --ext .js,.ts .",
    "build": "tsc",
    "build:watch": "tsc --watch",
    "serve": "npm run build && firebase emulators:start --only functions",
    "shell": "npm run build && firebase functions:shell",
    "start": "npm run shell",
    "deploy": "firebase deploy --only functions",
    "logs": "firebase functions:log"
  },
  "engines": {
    "node": "18"
  },
  "main": "lib/index.js",
  "dependencies": {
    "cors": "^2.8.5",
    "firebase-admin": "^12.1.0",
    "firebase-functions": "^5.0.0"
  },
  "devDependencies": {
    "@typescript-eslint/eslint-plugin": "^5.12.0",
    "@typescript-eslint/parser": "^5.12.0",
    "eslint": "^8.9.0",
    "eslint-config-google": "^0.14.0",
    "eslint-plugin-import": "^2.25.4",
    "firebase-functions-test": "^3.1.0",
    "typescript": "^4.9.0"
  },
  "private": true
}
[debug] [2024-09-02T16:40:21.811Z] Building nodejs source
[debug] [2024-09-02T16:40:21.812Z] Failed to find version of module node: reached end of search path /Users/mic/Documents/Repositories/simple-chatbot-platform/functions/node_modules
[info] ✔  functions: Using node@18 from host. 
[debug] [2024-09-02T16:40:21.813Z] Could not find functions.yaml. Must use http discovery
[debug] [2024-09-02T16:40:21.817Z] Found firebase-functions binary at '/Users/mic/Documents/Repositories/simple-chatbot-platform/functions/node_modules/.bin/firebase-functions'
[info] Serving at port 8417

[debug] [2024-09-02T16:40:22.478Z] Got response from /__/functions.yaml {"endpoints":{"setCustomClaims":{"platform":"gcfv1","labels":{},"availableMemoryMb":null,"timeoutSeconds":null,"minInstances":null,"maxInstances":null,"ingressSettings":null,"serviceAccountEmail":null,"vpc":null,"callableTrigger":{},"entryPoint":"setCustomClaims"}},"specVersion":"v1alpha1","requiredAPIs":[],"extensions":{}}
[info] ✔  functions: Loaded functions definitions from source: setCustomClaims. {"metadata":{"emulator":{"name":"functions"},"message":"Loaded functions definitions from source: setCustomClaims."}}
[debug] [2024-09-02T16:40:43.443Z] File /Users/mic/Documents/Repositories/simple-chatbot-platform/functions/src/index.ts changed, reloading triggers {"metadata":{"emulator":{"name":"functions"},"message":"File /Users/mic/Documents/Repositories/simple-chatbot-platform/functions/src/index.ts changed, reloading triggers"}}
[debug] [2024-09-02T16:40:44.446Z] Validating nodejs source
[debug] [2024-09-02T16:40:45.426Z] > [functions] package.json contents: {
  "name": "functions",
  "scripts": {
    "lint": "eslint --ext .js,.ts .",
    "build": "tsc",
    "build:watch": "tsc --watch",
    "serve": "npm run build && firebase emulators:start --only functions",
    "shell": "npm run build && firebase functions:shell",
    "start": "npm run shell",
    "deploy": "firebase deploy --only functions",
    "logs": "firebase functions:log"
  },
  "engines": {
    "node": "18"
  },
  "main": "lib/index.js",
  "dependencies": {
    "cors": "^2.8.5",
    "firebase-admin": "^12.1.0",
    "firebase-functions": "^5.0.0"
  },
  "devDependencies": {
    "@typescript-eslint/eslint-plugin": "^5.12.0",
    "@typescript-eslint/parser": "^5.12.0",
    "eslint": "^8.9.0",
    "eslint-config-google": "^0.14.0",
    "eslint-plugin-import": "^2.25.4",
    "firebase-functions-test": "^3.1.0",
    "typescript": "^4.9.0"
  },
  "private": true
}
[debug] [2024-09-02T16:40:45.427Z] Building nodejs source
[debug] [2024-09-02T16:40:45.427Z] Failed to find version of module node: reached end of search path /Users/mic/Documents/Repositories/simple-chatbot-platform/functions/node_modules
[info] ✔  functions: Using node@18 from host. 
[debug] [2024-09-02T16:40:45.429Z] Could not find functions.yaml. Must use http discovery
[debug] [2024-09-02T16:40:45.430Z] Found firebase-functions binary at '/Users/mic/Documents/Repositories/simple-chatbot-platform/functions/node_modules/.bin/firebase-functions'
[info] Serving at port 8984

[debug] [2024-09-02T16:40:46.777Z] Got response from /__/functions.yaml {"endpoints":{"setCustomClaims":{"platform":"gcfv1","labels":{},"availableMemoryMb":null,"timeoutSeconds":null,"minInstances":null,"maxInstances":null,"ingressSettings":null,"serviceAccountEmail":null,"vpc":null,"callableTrigger":{},"entryPoint":"setCustomClaims"}},"specVersion":"v1alpha1","requiredAPIs":[],"extensions":{}}
[info] ✔  functions: Loaded functions definitions from source: setCustomClaims. {"metadata":{"emulator":{"name":"functions"},"message":"Loaded functions definitions from source: setCustomClaims."}}
[debug] [2024-09-02T16:40:49.517Z] File /Users/mic/Documents/Repositories/simple-chatbot-platform/functions/src/index.ts changed, reloading triggers {"metadata":{"emulator":{"name":"functions"},"message":"File /Users/mic/Documents/Repositories/simple-chatbot-platform/functions/src/index.ts changed, reloading triggers"}}
[debug] [2024-09-02T16:40:50.519Z] Validating nodejs source
[debug] [2024-09-02T16:40:51.492Z] > [functions] package.json contents: {
  "name": "functions",
  "scripts": {
    "lint": "eslint --ext .js,.ts .",
    "build": "tsc",
    "build:watch": "tsc --watch",
    "serve": "npm run build && firebase emulators:start --only functions",
    "shell": "npm run build && firebase functions:shell",
    "start": "npm run shell",
    "deploy": "firebase deploy --only functions",
    "logs": "firebase functions:log"
  },
  "engines": {
    "node": "18"
  },
  "main": "lib/index.js",
  "dependencies": {
    "cors": "^2.8.5",
    "firebase-admin": "^12.1.0",
    "firebase-functions": "^5.0.0"
  },
  "devDependencies": {
    "@typescript-eslint/eslint-plugin": "^5.12.0",
    "@typescript-eslint/parser": "^5.12.0",
    "eslint": "^8.9.0",
    "eslint-config-google": "^0.14.0",
    "eslint-plugin-import": "^2.25.4",
    "firebase-functions-test": "^3.1.0",
    "typescript": "^4.9.0"
  },
  "private": true
}
[debug] [2024-09-02T16:40:51.492Z] Building nodejs source
[debug] [2024-09-02T16:40:51.492Z] Failed to find version of module node: reached end of search path /Users/mic/Documents/Repositories/simple-chatbot-platform/functions/node_modules
[info] ✔  functions: Using node@18 from host. 
[debug] [2024-09-02T16:40:51.502Z] Could not find functions.yaml. Must use http discovery
[debug] [2024-09-02T16:40:51.503Z] Found firebase-functions binary at '/Users/mic/Documents/Repositories/simple-chatbot-platform/functions/node_modules/.bin/firebase-functions'
[info] Serving at port 8981

[debug] [2024-09-02T16:40:52.450Z] Got response from /__/functions.yaml {"endpoints":{"setCustomClaims":{"platform":"gcfv1","labels":{},"availableMemoryMb":null,"timeoutSeconds":null,"minInstances":null,"maxInstances":null,"ingressSettings":null,"serviceAccountEmail":null,"vpc":null,"callableTrigger":{},"entryPoint":"setCustomClaims"}},"specVersion":"v1alpha1","requiredAPIs":[],"extensions":{}}
[info] ✔  functions: Loaded functions definitions from source: setCustomClaims. {"metadata":{"emulator":{"name":"functions"},"message":"Loaded functions definitions from source: setCustomClaims."}}
[debug] [2024-09-02T16:42:11.702Z] >>> [apiv2][query] POST http://127.0.0.1:5001/functions/projects/simple-chatbot-platform/trigger_multicast [none]
[debug] [2024-09-02T16:42:11.703Z] >>> [apiv2][body] POST http://127.0.0.1:5001/functions/projects/simple-chatbot-platform/trigger_multicast {"eventId":"141d9d6a-16ea-45aa-8a77-3a1a97d587bc","eventType":"providers/firebase.auth/eventTypes/user.delete","resource":{"name":"projects/simple-chatbot-platform","service":"firebaseauth.googleapis.com"},"params":{},"timestamp":"2024-09-02T16:42:11.701Z","data":{"uid":"3shPcInvbdD420qTQNmk77nJaFaC","email":"michel@padmora.com","emailVerified":false,"metadata":{"creationTime":"2024-09-02T16:36:44.559Z","lastSignInTime":"2024-09-02T16:36:44.559Z"},"customClaims":{},"providerData":[{"providerId":"password","email":"michel@padmora.com","federatedId":"michel@padmora.com","rawId":"michel@padmora.com"}]}}
[debug] [2024-09-02T16:42:11.713Z] <<< [apiv2][status] POST http://127.0.0.1:5001/functions/projects/simple-chatbot-platform/trigger_multicast 200
[debug] [2024-09-02T16:42:11.713Z] <<< [apiv2][body] POST http://127.0.0.1:5001/functions/projects/simple-chatbot-platform/trigger_multicast {"status":"multicast_acknowledged"}
[debug] [2024-09-02T16:42:22.827Z] >>> [apiv2][query] POST http://127.0.0.1:5001/functions/projects/simple-chatbot-platform/trigger_multicast [none]
[debug] [2024-09-02T16:42:22.827Z] >>> [apiv2][body] POST http://127.0.0.1:5001/functions/projects/simple-chatbot-platform/trigger_multicast {"eventId":"ed23049a-a475-4bb5-9f44-9e0cf4efaefd","eventType":"providers/firebase.auth/eventTypes/user.create","resource":{"name":"projects/simple-chatbot-platform","service":"firebaseauth.googleapis.com"},"params":{},"timestamp":"2024-09-02T16:42:22.827Z","data":{"uid":"RIReO9zvaufo6cioknE60V4hUabm","email":"michel@padmora.com","emailVerified":false,"metadata":{"creationTime":"2024-09-02T16:42:22.826Z","lastSignInTime":"2024-09-02T16:42:22.826Z"},"customClaims":{},"providerData":[{"providerId":"password","email":"michel@padmora.com","federatedId":"michel@padmora.com","rawId":"michel@padmora.com"}]}}
[debug] [2024-09-02T16:42:22.838Z] <<< [apiv2][status] POST http://127.0.0.1:5001/functions/projects/simple-chatbot-platform/trigger_multicast 200
[debug] [2024-09-02T16:42:22.838Z] <<< [apiv2][body] POST http://127.0.0.1:5001/functions/projects/simple-chatbot-platform/trigger_multicast {"status":"multicast_acknowledged"}
[debug] [2024-09-02T16:42:22.853Z] Functions emulator received unknown request at path /fake-project-id/us-central1/setCustomClaims
[debug] [2024-09-03T00:47:32.057Z] >>> [apiv2][query] POST http://127.0.0.1:5001/functions/projects/simple-chatbot-platform/trigger_multicast [none]
[debug] [2024-09-03T00:47:32.059Z] >>> [apiv2][body] POST http://127.0.0.1:5001/functions/projects/simple-chatbot-platform/trigger_multicast {"eventId":"1c72e502-dedc-4974-8ebf-58a2d2aba0b3","eventType":"providers/firebase.auth/eventTypes/user.delete","resource":{"name":"projects/simple-chatbot-platform","service":"firebaseauth.googleapis.com"},"params":{},"timestamp":"2024-09-03T00:47:32.056Z","data":{"uid":"RIReO9zvaufo6cioknE60V4hUabm","email":"michel@padmora.com","emailVerified":false,"metadata":{"creationTime":"2024-09-02T16:42:22.826Z","lastSignInTime":"2024-09-02T16:42:22.826Z"},"customClaims":{},"providerData":[{"providerId":"password","email":"michel@padmora.com","federatedId":"michel@padmora.com","rawId":"michel@padmora.com"}]}}
[debug] [2024-09-03T00:47:32.088Z] <<< [apiv2][status] POST http://127.0.0.1:5001/functions/projects/simple-chatbot-platform/trigger_multicast 200
[debug] [2024-09-03T00:47:32.088Z] <<< [apiv2][body] POST http://127.0.0.1:5001/functions/projects/simple-chatbot-platform/trigger_multicast {"status":"multicast_acknowledged"}
[debug] [2024-09-03T00:47:37.550Z] >>> [apiv2][query] POST http://127.0.0.1:5001/functions/projects/simple-chatbot-platform/trigger_multicast [none]
[debug] [2024-09-03T00:47:37.550Z] >>> [apiv2][body] POST http://127.0.0.1:5001/functions/projects/simple-chatbot-platform/trigger_multicast {"eventId":"46cd43f2-c0f1-44ee-ad56-2cf0d463a318","eventType":"providers/firebase.auth/eventTypes/user.create","resource":{"name":"projects/simple-chatbot-platform","service":"firebaseauth.googleapis.com"},"params":{},"timestamp":"2024-09-03T00:47:37.550Z","data":{"uid":"rq0pm4hJ8ic4p28DQgnqm2WPOqZY","email":"michel@padmora.com","emailVerified":false,"metadata":{"creationTime":"2024-09-03T00:47:37.550Z","lastSignInTime":"2024-09-03T00:47:37.550Z"},"customClaims":{},"providerData":[{"providerId":"password","email":"michel@padmora.com","federatedId":"michel@padmora.com","rawId":"michel@padmora.com"}]}}
[debug] [2024-09-03T00:47:37.561Z] <<< [apiv2][status] POST http://127.0.0.1:5001/functions/projects/simple-chatbot-platform/trigger_multicast 200
[debug] [2024-09-03T00:47:37.561Z] <<< [apiv2][body] POST http://127.0.0.1:5001/functions/projects/simple-chatbot-platform/trigger_multicast {"status":"multicast_acknowledged"}
[debug] [2024-09-03T00:48:18.209Z] >>> [apiv2][query] POST http://127.0.0.1:5001/functions/projects/simple-chatbot-platform/trigger_multicast [none]
[debug] [2024-09-03T00:48:18.209Z] >>> [apiv2][body] POST http://127.0.0.1:5001/functions/projects/simple-chatbot-platform/trigger_multicast {"eventId":"a7335cbf-2d5f-4ffd-b524-a957e7f2a023","eventType":"providers/firebase.auth/eventTypes/user.delete","resource":{"name":"projects/simple-chatbot-platform","service":"firebaseauth.googleapis.com"},"params":{},"timestamp":"2024-09-03T00:48:18.208Z","data":{"uid":"rq0pm4hJ8ic4p28DQgnqm2WPOqZY","email":"michel@padmora.com","emailVerified":false,"metadata":{"creationTime":"2024-09-03T00:47:37.550Z","lastSignInTime":"2024-09-03T00:47:37.550Z"},"customClaims":{},"providerData":[{"providerId":"password","email":"michel@padmora.com","federatedId":"michel@padmora.com","rawId":"michel@padmora.com"}]}}
[debug] [2024-09-03T00:48:18.212Z] <<< [apiv2][status] POST http://127.0.0.1:5001/functions/projects/simple-chatbot-platform/trigger_multicast 200
[debug] [2024-09-03T00:48:18.212Z] <<< [apiv2][body] POST http://127.0.0.1:5001/functions/projects/simple-chatbot-platform/trigger_multicast {"status":"multicast_acknowledged"}
[debug] [2024-09-03T01:16:56.033Z] >>> [apiv2][query] POST http://127.0.0.1:5001/functions/projects/simple-chatbot-platform/trigger_multicast [none]
[debug] [2024-09-03T01:16:56.033Z] >>> [apiv2][body] POST http://127.0.0.1:5001/functions/projects/simple-chatbot-platform/trigger_multicast {"eventId":"fc6fcddd-a5fa-4b6d-8f81-fb357908f201","eventType":"providers/firebase.auth/eventTypes/user.create","resource":{"name":"projects/simple-chatbot-platform","service":"firebaseauth.googleapis.com"},"params":{},"timestamp":"2024-09-03T01:16:56.032Z","data":{"uid":"ypSGMUCmzuSTShfAedxrrZFHKBb3","email":"michel@padmora.com","emailVerified":false,"metadata":{"creationTime":"2024-09-03T01:16:56.032Z","lastSignInTime":"2024-09-03T01:16:56.032Z"},"customClaims":{},"providerData":[{"providerId":"password","email":"michel@padmora.com","federatedId":"michel@padmora.com","rawId":"michel@padmora.com"}]}}
[debug] [2024-09-03T01:16:56.038Z] <<< [apiv2][status] POST http://127.0.0.1:5001/functions/projects/simple-chatbot-platform/trigger_multicast 200
[debug] [2024-09-03T01:16:56.038Z] <<< [apiv2][body] POST http://127.0.0.1:5001/functions/projects/simple-chatbot-platform/trigger_multicast {"status":"multicast_acknowledged"}
[debug] [2024-09-03T01:19:06.611Z] >>> [apiv2][query] POST http://127.0.0.1:5001/functions/projects/simple-chatbot-platform/trigger_multicast [none]
[debug] [2024-09-03T01:19:06.611Z] >>> [apiv2][body] POST http://127.0.0.1:5001/functions/projects/simple-chatbot-platform/trigger_multicast {"eventId":"e606b8fd-0bb9-493d-b36f-bf9012831c2a","eventType":"providers/firebase.auth/eventTypes/user.delete","resource":{"name":"projects/simple-chatbot-platform","service":"firebaseauth.googleapis.com"},"params":{},"timestamp":"2024-09-03T01:19:06.611Z","data":{"uid":"ypSGMUCmzuSTShfAedxrrZFHKBb3","email":"michel@padmora.com","emailVerified":false,"metadata":{"creationTime":"2024-09-03T01:16:56.032Z","lastSignInTime":"2024-09-03T01:16:59.397Z"},"customClaims":{},"providerData":[{"providerId":"password","email":"michel@padmora.com","federatedId":"michel@padmora.com","rawId":"michel@padmora.com"}]}}
[debug] [2024-09-03T01:19:06.618Z] <<< [apiv2][status] POST http://127.0.0.1:5001/functions/projects/simple-chatbot-platform/trigger_multicast 200
[debug] [2024-09-03T01:19:06.618Z] <<< [apiv2][body] POST http://127.0.0.1:5001/functions/projects/simple-chatbot-platform/trigger_multicast {"status":"multicast_acknowledged"}
[debug] [2024-09-03T01:22:44.938Z] >>> [apiv2][query] POST http://127.0.0.1:5001/functions/projects/simple-chatbot-platform/trigger_multicast [none]
[debug] [2024-09-03T01:22:44.938Z] >>> [apiv2][body] POST http://127.0.0.1:5001/functions/projects/simple-chatbot-platform/trigger_multicast {"eventId":"ae55ceaf-fef0-445c-878b-4e5dfabd7eb7","eventType":"providers/firebase.auth/eventTypes/user.create","resource":{"name":"projects/simple-chatbot-platform","service":"firebaseauth.googleapis.com"},"params":{},"timestamp":"2024-09-03T01:22:44.938Z","data":{"uid":"6hlsOM1fGIdFK4XSs70XytyuaLA5","email":"michel@padmora.com","emailVerified":false,"metadata":{"creationTime":"2024-09-03T01:22:44.937Z","lastSignInTime":"2024-09-03T01:22:44.937Z"},"customClaims":{},"providerData":[{"providerId":"password","email":"michel@padmora.com","federatedId":"michel@padmora.com","rawId":"michel@padmora.com"}]}}
[debug] [2024-09-03T01:22:44.946Z] <<< [apiv2][status] POST http://127.0.0.1:5001/functions/projects/simple-chatbot-platform/trigger_multicast 200
[debug] [2024-09-03T01:22:44.946Z] <<< [apiv2][body] POST http://127.0.0.1:5001/functions/projects/simple-chatbot-platform/trigger_multicast {"status":"multicast_acknowledged"}
[debug] [2024-09-03T01:23:01.706Z] >>> [apiv2][query] POST http://127.0.0.1:5001/functions/projects/simple-chatbot-platform/trigger_multicast [none]
[debug] [2024-09-03T01:23:01.706Z] >>> [apiv2][body] POST http://127.0.0.1:5001/functions/projects/simple-chatbot-platform/trigger_multicast {"eventId":"524a9091-fabe-4bb9-9575-ddccd01d59a1","eventType":"providers/firebase.auth/eventTypes/user.delete","resource":{"name":"projects/simple-chatbot-platform","service":"firebaseauth.googleapis.com"},"params":{},"timestamp":"2024-09-03T01:23:01.706Z","data":{"uid":"6hlsOM1fGIdFK4XSs70XytyuaLA5","email":"michel@padmora.com","emailVerified":false,"metadata":{"creationTime":"2024-09-03T01:22:44.937Z","lastSignInTime":"2024-09-03T01:22:44.937Z"},"customClaims":{},"providerData":[{"providerId":"password","email":"michel@padmora.com","federatedId":"michel@padmora.com","rawId":"michel@padmora.com"}]}}
[debug] [2024-09-03T01:23:01.714Z] <<< [apiv2][status] POST http://127.0.0.1:5001/functions/projects/simple-chatbot-platform/trigger_multicast 200
[debug] [2024-09-03T01:23:01.714Z] <<< [apiv2][body] POST http://127.0.0.1:5001/functions/projects/simple-chatbot-platform/trigger_multicast {"status":"multicast_acknowledged"}
[debug] [2024-09-03T01:23:35.962Z] 09:23:35.959 [FirebaseWorkerPool-1-4] WARN com.firebase.core.persistence.backend.dummy.EmulatorMetadataPersistence - Multiple projectIds are not recommended in single project mode. Requested 
namespace simple-chatbot-platform, but the emulator is configured for simple-chatbot-platform-default-rtdb. To 
opt-out of single project mode add/set the singleProjectMode: false property in 
the firebase.json emulators config. 
 {"metadata":{"emulator":{"name":"database"},"message":"09:23:35.959 [FirebaseWorkerPool-1-4] WARN com.firebase.core.persistence.backend.dummy.EmulatorMetadataPersistence - Multiple projectIds are not recommended in single project mode. Requested \nnamespace simple-chatbot-platform, but the emulator is configured for simple-chatbot-platform-default-rtdb. To \nopt-out of single project mode add/set the singleProjectMode: false property in \nthe firebase.json emulators config. \n"}}
[debug] [2024-09-03T01:23:36.014Z] 09:23:36.013 [NamespaceSystem-akka.actor.default-dispatcher-12] INFO com.firebase.core.namespace.NamespaceActor - simple-chatbot-platform successfully activated FBKV (SurveyIdle(0)) wait: 30ms, init: 0ms
 {"metadata":{"emulator":{"name":"database"},"message":"09:23:36.013 [NamespaceSystem-akka.actor.default-dispatcher-12] INFO com.firebase.core.namespace.NamespaceActor - simple-chatbot-platform successfully activated FBKV (SurveyIdle(0)) wait: 30ms, init: 0ms\n"}}
[debug] [2024-09-03T01:31:11.815Z] >>> [apiv2][query] POST http://127.0.0.1:5001/functions/projects/simple-chatbot-platform/trigger_multicast [none]
[debug] [2024-09-03T01:31:11.816Z] >>> [apiv2][body] POST http://127.0.0.1:5001/functions/projects/simple-chatbot-platform/trigger_multicast {"eventId":"b52e4143-beb0-4cf0-a4ea-43266fbb05a9","eventType":"providers/firebase.auth/eventTypes/user.create","resource":{"name":"projects/simple-chatbot-platform","service":"firebaseauth.googleapis.com"},"params":{},"timestamp":"2024-09-03T01:31:11.815Z","data":{"uid":"1QGOCUv3VReHWbqOaXDEEkBWOI6k","email":"michel@padmora.com","emailVerified":false,"metadata":{"creationTime":"2024-09-03T01:31:11.815Z","lastSignInTime":"2024-09-03T01:31:11.815Z"},"customClaims":{},"providerData":[{"providerId":"password","email":"michel@padmora.com","federatedId":"michel@padmora.com","rawId":"michel@padmora.com"}]}}
[debug] [2024-09-03T01:31:11.825Z] <<< [apiv2][status] POST http://127.0.0.1:5001/functions/projects/simple-chatbot-platform/trigger_multicast 200
[debug] [2024-09-03T01:31:11.825Z] <<< [apiv2][body] POST http://127.0.0.1:5001/functions/projects/simple-chatbot-platform/trigger_multicast {"status":"multicast_acknowledged"}
[debug] [2024-09-03T01:51:34.430Z] >>> [apiv2][query] POST http://127.0.0.1:5001/functions/projects/simple-chatbot-platform/trigger_multicast [none]
[debug] [2024-09-03T01:51:34.435Z] >>> [apiv2][body] POST http://127.0.0.1:5001/functions/projects/simple-chatbot-platform/trigger_multicast {"eventId":"c3a78d36-e0e0-4ceb-a265-fa72ebbe5c8a","eventType":"providers/firebase.auth/eventTypes/user.delete","resource":{"name":"projects/simple-chatbot-platform","service":"firebaseauth.googleapis.com"},"params":{},"timestamp":"2024-09-03T01:51:34.426Z","data":{"uid":"1QGOCUv3VReHWbqOaXDEEkBWOI6k","email":"michel@padmora.com","emailVerified":false,"metadata":{"creationTime":"2024-09-03T01:31:11.815Z","lastSignInTime":"2024-09-03T01:51:18.489Z"},"customClaims":{},"providerData":[{"providerId":"password","email":"michel@padmora.com","federatedId":"michel@padmora.com","rawId":"michel@padmora.com"}]}}
[debug] [2024-09-03T01:51:34.440Z] <<< [apiv2][status] POST http://127.0.0.1:5001/functions/projects/simple-chatbot-platform/trigger_multicast 200
[debug] [2024-09-03T01:51:34.441Z] <<< [apiv2][body] POST http://127.0.0.1:5001/functions/projects/simple-chatbot-platform/trigger_multicast {"status":"multicast_acknowledged"}
[debug] [2024-09-03T01:51:44.074Z] >>> [apiv2][query] POST http://127.0.0.1:5001/functions/projects/simple-chatbot-platform/trigger_multicast [none]
[debug] [2024-09-03T01:51:44.074Z] >>> [apiv2][body] POST http://127.0.0.1:5001/functions/projects/simple-chatbot-platform/trigger_multicast {"eventId":"4ebab715-5e1b-486c-b9be-cb9e97e07db5","eventType":"providers/firebase.auth/eventTypes/user.create","resource":{"name":"projects/simple-chatbot-platform","service":"firebaseauth.googleapis.com"},"params":{},"timestamp":"2024-09-03T01:51:44.073Z","data":{"uid":"tcakExBEpAEE6KB3n6Lg87HL56av","email":"michel@padmora.com","emailVerified":false,"metadata":{"creationTime":"2024-09-03T01:51:44.073Z","lastSignInTime":"2024-09-03T01:51:44.073Z"},"customClaims":{},"providerData":[{"providerId":"password","email":"michel@padmora.com","federatedId":"michel@padmora.com","rawId":"michel@padmora.com"}]}}
[debug] [2024-09-03T01:51:44.082Z] <<< [apiv2][status] POST http://127.0.0.1:5001/functions/projects/simple-chatbot-platform/trigger_multicast 200
[debug] [2024-09-03T01:51:44.082Z] <<< [apiv2][body] POST http://127.0.0.1:5001/functions/projects/simple-chatbot-platform/trigger_multicast {"status":"multicast_acknowledged"}
[debug] [2024-09-03T06:58:35.891Z] 14:58:35.865 [FirebaseWorkerPool-1-2] WARN com.firebase.core.persistence.backend.dummy.EmulatorMetadataPersistence - Multiple projectIds are not recommended in single project mode. Requested 
namespace 127, but the emulator is configured for simple-chatbot-platform,simple-chatbot-platform-default-rtdb. To 
opt-out of single project mode add/set the singleProjectMode: false property in 
the firebase.json emulators config. 
 {"metadata":{"emulator":{"name":"database"},"message":"14:58:35.865 [FirebaseWorkerPool-1-2] WARN com.firebase.core.persistence.backend.dummy.EmulatorMetadataPersistence - Multiple projectIds are not recommended in single project mode. Requested \nnamespace 127, but the emulator is configured for simple-chatbot-platform,simple-chatbot-platform-default-rtdb. To \nopt-out of single project mode add/set the singleProjectMode: false property in \nthe firebase.json emulators config. \n"}}
[debug] [2024-09-03T06:58:36.206Z] 14:58:36.202 [NamespaceSystem-akka.actor.default-dispatcher-25] INFO com.firebase.core.namespace.NamespaceActor - 127 successfully activated FBKV (SurveyIdle(0)) wait: 23ms, init: 0ms
 {"metadata":{"emulator":{"name":"database"},"message":"14:58:36.202 [NamespaceSystem-akka.actor.default-dispatcher-25] INFO com.firebase.core.namespace.NamespaceActor - 127 successfully activated FBKV (SurveyIdle(0)) wait: 23ms, init: 0ms\n"}}
[debug] [2024-09-03T06:59:19.663Z] 14:59:19.645 [FirebaseWorkerPool-1-3] WARN com.firebase.core.persistence.backend.dummy.EmulatorMetadataPersistence - Multiple projectIds are not recommended in single project mode. Requested 
namespace fake-server, but the emulator is configured for simple-chatbot-platform,127,simple-chatbot-platform-default-rtdb. To 
opt-out of single project mode add/set the singleProjectMode: false property in 
the firebase.json emulators config. 
 {"metadata":{"emulator":{"name":"database"},"message":"14:59:19.645 [FirebaseWorkerPool-1-3] WARN com.firebase.core.persistence.backend.dummy.EmulatorMetadataPersistence - Multiple projectIds are not recommended in single project mode. Requested \nnamespace fake-server, but the emulator is configured for simple-chatbot-platform,127,simple-chatbot-platform-default-rtdb. To \nopt-out of single project mode add/set the singleProjectMode: false property in \nthe firebase.json emulators config. \n"}}
[debug] [2024-09-03T06:59:19.684Z] 14:59:19.682 [NamespaceSystem-akka.actor.default-dispatcher-22] INFO com.firebase.core.namespace.NamespaceActor - fake-server successfully activated FBKV (SurveyIdle(0)) wait: 3ms, init: 0ms
 {"metadata":{"emulator":{"name":"database"},"message":"14:59:19.682 [NamespaceSystem-akka.actor.default-dispatcher-22] INFO com.firebase.core.namespace.NamespaceActor - fake-server successfully activated FBKV (SurveyIdle(0)) wait: 3ms, init: 0ms\n"}}
